2023-10-13 22:17:21,744 [Worker-5: Loading available Gradle versions] INFO  o.e.b.c.i.u.g.PublishedGradleVersions - Gradle version information cache is out-of-date. Trying to update.
2023-10-13 22:17:53,739 [Worker-21: Importing Maven projects] INFO  o.e.m.c.i.l.LifecycleMappingFactory - Using org.eclipse.m2e.jdt.JarLifecycleMapping lifecycle mapping for MavenProject: quoco-ws:core:0.0.1 @ C:\Users\ridhi\OneDrive\UCD\Trimester4\DistributedSystem\quoco-ws\task5\core\pom.xml.
2023-10-13 22:17:54,792 [Worker-21: Importing Maven projects] INFO  o.e.m.c.i.l.LifecycleMappingFactory - Using org.eclipse.m2e.jdt.JarLifecycleMapping lifecycle mapping for MavenProject: quoco-ws:auldfellas:0.0.1 @ C:\Users\ridhi\OneDrive\UCD\Trimester4\DistributedSystem\quoco-ws\task5\auldfellas\pom.xml.
2023-10-13 22:17:55,295 [Worker-21: Importing Maven projects] INFO  o.e.m.c.i.p.WorkspaceClassifierResolverManager - Resolving P/core: quoco-ws:core:0.0.1 with classifier  to /core/target/classes
2023-10-13 22:17:55,357 [Worker-21: Importing Maven projects] INFO  o.e.m.c.i.l.LifecycleMappingFactory - Using org.eclipse.m2e.jdt.JarLifecycleMapping lifecycle mapping for MavenProject: quoco-ws:dodgygeezers:0.0.1 @ C:\Users\ridhi\OneDrive\UCD\Trimester4\DistributedSystem\quoco-ws\task5\dodgygeezers\pom.xml.
2023-10-13 22:17:55,364 [Worker-21: Importing Maven projects] INFO  o.e.m.c.i.p.WorkspaceClassifierResolverManager - Resolving P/core: quoco-ws:core:0.0.1 with classifier  to /core/target/classes
2023-10-13 22:17:55,371 [Worker-21: Importing Maven projects] INFO  o.e.m.c.i.p.WorkspaceClassifierResolverManager - Resolving P/auldfellas: quoco-ws:auldfellas:0.0.1 with classifier  to /auldfellas/target/classes
2023-10-13 22:17:55,450 [Worker-21: Importing Maven projects] INFO  o.e.m.c.i.l.LifecycleMappingFactory - Using org.eclipse.m2e.jdt.JarLifecycleMapping lifecycle mapping for MavenProject: quoco-ws:girlsallowed:0.0.1 @ C:\Users\ridhi\OneDrive\UCD\Trimester4\DistributedSystem\quoco-ws\task5\girlsallowed\pom.xml.
2023-10-13 22:17:55,456 [Worker-21: Importing Maven projects] INFO  o.e.m.c.i.p.WorkspaceClassifierResolverManager - Resolving P/core: quoco-ws:core:0.0.1 with classifier  to /core/target/classes
2023-10-13 22:17:55,463 [Worker-21: Importing Maven projects] INFO  o.e.m.c.i.p.WorkspaceClassifierResolverManager - Resolving P/auldfellas: quoco-ws:auldfellas:0.0.1 with classifier  to /auldfellas/target/classes
2023-10-13 22:17:55,553 [Worker-21: Importing Maven projects] INFO  o.e.m.c.i.l.LifecycleMappingFactory - Using org.eclipse.m2e.jdt.JarLifecycleMapping lifecycle mapping for MavenProject: quoco-ws:broker:0.0.1 @ C:\Users\ridhi\OneDrive\UCD\Trimester4\DistributedSystem\quoco-ws\task5\broker\pom.xml.
2023-10-13 22:17:55,557 [Worker-21: Importing Maven projects] INFO  o.e.m.c.i.p.WorkspaceClassifierResolverManager - Resolving P/auldfellas: quoco-ws:auldfellas:0.0.1 with classifier  to /auldfellas/target/classes
2023-10-13 22:17:55,557 [Worker-21: Importing Maven projects] INFO  o.e.m.c.i.p.WorkspaceClassifierResolverManager - Resolving P/core: quoco-ws:core:0.0.1 with classifier  to /core/target/classes
2023-10-13 22:17:55,626 [Worker-21: Importing Maven projects] INFO  o.e.m.c.i.l.LifecycleMappingFactory - Using org.eclipse.m2e.jdt.JarLifecycleMapping lifecycle mapping for MavenProject: quoco-ws:client:0.0.1 @ C:\Users\ridhi\OneDrive\UCD\Trimester4\DistributedSystem\quoco-ws\task5\client\pom.xml.
2023-10-13 22:17:55,632 [Worker-21: Importing Maven projects] INFO  o.e.m.c.i.p.WorkspaceClassifierResolverManager - Resolving P/core: quoco-ws:core:0.0.1 with classifier  to /core/target/classes
2023-10-13 22:17:55,632 [Worker-21: Importing Maven projects] INFO  o.e.m.c.i.p.WorkspaceClassifierResolverManager - Resolving P/broker: quoco-ws:broker:0.0.1 with classifier  to /broker/target/classes
2023-10-13 22:17:55,633 [Worker-21: Importing Maven projects] INFO  o.e.m.c.i.p.WorkspaceClassifierResolverManager - Resolving P/auldfellas: quoco-ws:auldfellas:0.0.1 with classifier  to /auldfellas/target/classes
2023-10-13 22:17:58,201 [Worker-21: Importing Maven projects] INFO  o.e.m.j.i.AbstractJavaProjectConfigurator - Adding source folder /core/src/main/java
2023-10-13 22:17:58,203 [Worker-21: Importing Maven projects] INFO  o.e.m.j.i.AbstractJavaProjectConfigurator - Adding source folder /core/src/test/java
2023-10-13 22:17:58,355 [Worker-21: Importing Maven projects] INFO  o.e.m.j.i.AbstractJavaProjectConfigurator - Adding source folder /auldfellas/src/main/java
2023-10-13 22:17:58,356 [Worker-21: Importing Maven projects] INFO  o.e.m.j.i.AbstractJavaProjectConfigurator - Adding source folder /auldfellas/src/test/java
2023-10-13 22:17:58,498 [Worker-21: Importing Maven projects] INFO  o.e.m.j.i.AbstractJavaProjectConfigurator - Adding source folder /broker/src/main/java
2023-10-13 22:17:58,499 [Worker-21: Importing Maven projects] INFO  o.e.m.j.i.AbstractJavaProjectConfigurator - Adding source folder /broker/src/test/java
2023-10-13 22:17:58,909 [Worker-21: Importing Maven projects] INFO  o.e.m.j.i.AbstractJavaProjectConfigurator - Adding source folder /client/src/main/java
2023-10-13 22:17:58,910 [Worker-21: Importing Maven projects] INFO  o.e.m.j.i.AbstractJavaProjectConfigurator - Adding source folder /client/src/test/java
2023-10-13 22:17:59,101 [Worker-21: Importing Maven projects] INFO  o.e.m.j.i.AbstractJavaProjectConfigurator - Adding source folder /dodgygeezers/src/main/java
2023-10-13 22:17:59,102 [Worker-21: Importing Maven projects] INFO  o.e.m.j.i.AbstractJavaProjectConfigurator - Adding source folder /dodgygeezers/src/test/java
2023-10-13 22:17:59,248 [Worker-21: Importing Maven projects] INFO  o.e.m.j.i.AbstractJavaProjectConfigurator - Adding source folder /girlsallowed/src/main/java
2023-10-13 22:17:59,249 [Worker-21: Importing Maven projects] INFO  o.e.m.j.i.AbstractJavaProjectConfigurator - Adding source folder /girlsallowed/src/test/java
2023-10-13 22:17:59,391 [Worker-21: Importing Maven projects] INFO  o.e.m.c.i.p.ProjectConfigurationManager - Imported and configured 6 project(s) in 13 sec
2023-10-13 22:17:59,611 [Worker-20: Updating Maven Project] INFO  o.e.m.c.i.p.ProjectConfigurationManager - Update started
2023-10-13 22:18:00,203 [Worker-20: Updating Maven Project] INFO  o.e.m.c.i.l.LifecycleMappingFactory - Using org.eclipse.m2e.jdt.JarLifecycleMapping lifecycle mapping for MavenProject: quoco-ws:auldfellas:0.0.1 @ C:\Users\ridhi\OneDrive\UCD\Trimester4\DistributedSystem\quoco-ws\task5\auldfellas\pom.xml.
2023-10-13 22:18:00,363 [Worker-20: Updating Maven Project] INFO  o.e.m.c.i.p.WorkspaceClassifierResolverManager - Resolving P/core: quoco-ws:core:0.0.1 with classifier  to /core/target/classes
2023-10-13 22:18:00,696 [Worker-20: Updating Maven Project] INFO  o.e.m.c.i.l.LifecycleMappingFactory - Using org.eclipse.m2e.jdt.JarLifecycleMapping lifecycle mapping for MavenProject: quoco-ws:broker:0.0.1 @ C:\Users\ridhi\OneDrive\UCD\Trimester4\DistributedSystem\quoco-ws\task5\broker\pom.xml.
2023-10-13 22:18:00,701 [Worker-20: Updating Maven Project] INFO  o.e.m.c.i.p.WorkspaceClassifierResolverManager - Resolving P/auldfellas: quoco-ws:auldfellas:0.0.1 with classifier  to /auldfellas/target/classes
2023-10-13 22:18:00,702 [Worker-20: Updating Maven Project] INFO  o.e.m.c.i.p.WorkspaceClassifierResolverManager - Resolving P/core: quoco-ws:core:0.0.1 with classifier  to /core/target/classes
2023-10-13 22:18:00,911 [Worker-20: Updating Maven Project] INFO  o.e.m.c.i.l.LifecycleMappingFactory - Using org.eclipse.m2e.jdt.JarLifecycleMapping lifecycle mapping for MavenProject: quoco-ws:client:0.0.1 @ C:\Users\ridhi\OneDrive\UCD\Trimester4\DistributedSystem\quoco-ws\task5\client\pom.xml.
2023-10-13 22:18:00,916 [Worker-20: Updating Maven Project] INFO  o.e.m.c.i.p.WorkspaceClassifierResolverManager - Resolving P/core: quoco-ws:core:0.0.1 with classifier  to /core/target/classes
2023-10-13 22:18:00,917 [Worker-20: Updating Maven Project] INFO  o.e.m.c.i.p.WorkspaceClassifierResolverManager - Resolving P/broker: quoco-ws:broker:0.0.1 with classifier  to /broker/target/classes
2023-10-13 22:18:00,917 [Worker-20: Updating Maven Project] INFO  o.e.m.c.i.p.WorkspaceClassifierResolverManager - Resolving P/auldfellas: quoco-ws:auldfellas:0.0.1 with classifier  to /auldfellas/target/classes
2023-10-13 22:18:01,036 [Worker-20: Updating Maven Project] INFO  o.e.m.c.i.l.LifecycleMappingFactory - Using org.eclipse.m2e.jdt.JarLifecycleMapping lifecycle mapping for MavenProject: quoco-ws:core:0.0.1 @ C:\Users\ridhi\OneDrive\UCD\Trimester4\DistributedSystem\quoco-ws\task5\core\pom.xml.
2023-10-13 22:18:01,136 [Worker-20: Updating Maven Project] INFO  o.e.m.c.i.l.LifecycleMappingFactory - Using org.eclipse.m2e.jdt.JarLifecycleMapping lifecycle mapping for MavenProject: quoco-ws:dodgygeezers:0.0.1 @ C:\Users\ridhi\OneDrive\UCD\Trimester4\DistributedSystem\quoco-ws\task5\dodgygeezers\pom.xml.
2023-10-13 22:18:01,139 [Worker-20: Updating Maven Project] INFO  o.e.m.c.i.p.WorkspaceClassifierResolverManager - Resolving P/core: quoco-ws:core:0.0.1 with classifier  to /core/target/classes
2023-10-13 22:18:01,146 [Worker-20: Updating Maven Project] INFO  o.e.m.c.i.p.WorkspaceClassifierResolverManager - Resolving P/auldfellas: quoco-ws:auldfellas:0.0.1 with classifier  to /auldfellas/target/classes
2023-10-13 22:18:01,383 [Worker-20: Updating Maven Project] INFO  o.e.m.c.i.l.LifecycleMappingFactory - Using org.eclipse.m2e.jdt.JarLifecycleMapping lifecycle mapping for MavenProject: quoco-ws:girlsallowed:0.0.1 @ C:\Users\ridhi\OneDrive\UCD\Trimester4\DistributedSystem\quoco-ws\task5\girlsallowed\pom.xml.
2023-10-13 22:18:01,386 [Worker-20: Updating Maven Project] INFO  o.e.m.c.i.p.WorkspaceClassifierResolverManager - Resolving P/core: quoco-ws:core:0.0.1 with classifier  to /core/target/classes
2023-10-13 22:18:01,392 [Worker-20: Updating Maven Project] INFO  o.e.m.c.i.p.WorkspaceClassifierResolverManager - Resolving P/auldfellas: quoco-ws:auldfellas:0.0.1 with classifier  to /auldfellas/target/classes
2023-10-13 22:18:02,207 [Worker-20: Updating Maven Project] INFO  o.e.m.j.i.AbstractJavaProjectConfigurator - Adding source folder /auldfellas/src/main/java
2023-10-13 22:18:02,208 [Worker-20: Updating Maven Project] INFO  o.e.m.j.i.AbstractJavaProjectConfigurator - Adding source folder /auldfellas/src/test/java
2023-10-13 22:18:02,349 [Worker-20: Updating Maven Project] INFO  o.e.m.j.i.AbstractJavaProjectConfigurator - Adding source folder /broker/src/main/java
2023-10-13 22:18:02,350 [Worker-20: Updating Maven Project] INFO  o.e.m.j.i.AbstractJavaProjectConfigurator - Adding source folder /broker/src/test/java
2023-10-13 22:18:02,481 [Worker-20: Updating Maven Project] INFO  o.e.m.j.i.AbstractJavaProjectConfigurator - Adding source folder /client/src/main/java
2023-10-13 22:18:02,483 [Worker-20: Updating Maven Project] INFO  o.e.m.j.i.AbstractJavaProjectConfigurator - Adding source folder /client/src/test/java
2023-10-13 22:18:02,617 [Worker-20: Updating Maven Project] INFO  o.e.m.j.i.AbstractJavaProjectConfigurator - Adding source folder /core/src/main/java
2023-10-13 22:18:02,618 [Worker-20: Updating Maven Project] INFO  o.e.m.j.i.AbstractJavaProjectConfigurator - Adding source folder /core/src/test/java
2023-10-13 22:18:02,710 [Worker-20: Updating Maven Project] INFO  o.e.m.j.i.AbstractJavaProjectConfigurator - Adding source folder /dodgygeezers/src/main/java
2023-10-13 22:18:02,710 [Worker-20: Updating Maven Project] INFO  o.e.m.j.i.AbstractJavaProjectConfigurator - Adding source folder /dodgygeezers/src/test/java
2023-10-13 22:18:02,832 [Worker-20: Updating Maven Project] INFO  o.e.m.j.i.AbstractJavaProjectConfigurator - Adding source folder /girlsallowed/src/main/java
2023-10-13 22:18:02,833 [Worker-20: Updating Maven Project] INFO  o.e.m.j.i.AbstractJavaProjectConfigurator - Adding source folder /girlsallowed/src/test/java
2023-10-13 22:18:03,963 [Worker-20: Updating Maven Project] INFO  o.e.m.c.i.p.ProjectConfigurationManager - Update completed for 6 poms: local refresh takes 0.00 sec, refresh facades takes 2.00 sec, update config takes 0.00 sec 
2023-10-13 22:18:04,460 [Worker-18: Building] WARN  o.e.m.c.i.embedder.EclipseLogger - Using platform encoding (Cp1252 actually) to copy filtered resources, i.e. build is platform dependent!
2023-10-13 22:18:04,462 [Worker-18: Building] INFO  o.e.m.c.i.embedder.EclipseLogger - skip non existing resourceDirectory C:\Users\ridhi\OneDrive\UCD\Trimester4\DistributedSystem\quoco-ws\task5\core\src\main\resources
2023-10-13 22:18:04,467 [Worker-18: Building] WARN  o.e.m.c.i.embedder.EclipseLogger - Using platform encoding (Cp1252 actually) to copy filtered resources, i.e. build is platform dependent!
2023-10-13 22:18:04,469 [Worker-18: Building] INFO  o.e.m.c.i.embedder.EclipseLogger - skip non existing resourceDirectory C:\Users\ridhi\OneDrive\UCD\Trimester4\DistributedSystem\quoco-ws\task5\core\src\test\resources
2023-10-13 22:18:04,889 [Worker-18: Building] WARN  o.e.m.c.i.embedder.EclipseLogger - Using platform encoding (Cp1252 actually) to copy filtered resources, i.e. build is platform dependent!
2023-10-13 22:18:04,891 [Worker-18: Building] INFO  o.e.m.c.i.embedder.EclipseLogger - skip non existing resourceDirectory C:\Users\ridhi\OneDrive\UCD\Trimester4\DistributedSystem\quoco-ws\task5\auldfellas\src\main\resources
2023-10-13 22:18:04,894 [Worker-18: Building] WARN  o.e.m.c.i.embedder.EclipseLogger - Using platform encoding (Cp1252 actually) to copy filtered resources, i.e. build is platform dependent!
2023-10-13 22:18:04,895 [Worker-18: Building] INFO  o.e.m.c.i.embedder.EclipseLogger - skip non existing resourceDirectory C:\Users\ridhi\OneDrive\UCD\Trimester4\DistributedSystem\quoco-ws\task5\auldfellas\src\test\resources
2023-10-13 22:18:05,577 [Worker-18: Building] WARN  o.e.m.c.i.embedder.EclipseLogger - Using platform encoding (Cp1252 actually) to copy filtered resources, i.e. build is platform dependent!
2023-10-13 22:18:05,578 [Worker-18: Building] INFO  o.e.m.c.i.embedder.EclipseLogger - skip non existing resourceDirectory C:\Users\ridhi\OneDrive\UCD\Trimester4\DistributedSystem\quoco-ws\task5\broker\src\main\resources
2023-10-13 22:18:05,583 [Worker-18: Building] WARN  o.e.m.c.i.embedder.EclipseLogger - Using platform encoding (Cp1252 actually) to copy filtered resources, i.e. build is platform dependent!
2023-10-13 22:18:05,586 [Worker-18: Building] INFO  o.e.m.c.i.embedder.EclipseLogger - skip non existing resourceDirectory C:\Users\ridhi\OneDrive\UCD\Trimester4\DistributedSystem\quoco-ws\task5\broker\src\test\resources
2023-10-13 22:18:05,694 [Worker-18: Building] WARN  o.e.m.c.i.embedder.EclipseLogger - Using platform encoding (Cp1252 actually) to copy filtered resources, i.e. build is platform dependent!
2023-10-13 22:18:05,696 [Worker-18: Building] INFO  o.e.m.c.i.embedder.EclipseLogger - skip non existing resourceDirectory C:\Users\ridhi\OneDrive\UCD\Trimester4\DistributedSystem\quoco-ws\task5\client\src\main\resources
2023-10-13 22:18:05,698 [Worker-18: Building] WARN  o.e.m.c.i.embedder.EclipseLogger - Using platform encoding (Cp1252 actually) to copy filtered resources, i.e. build is platform dependent!
2023-10-13 22:18:05,701 [Worker-18: Building] INFO  o.e.m.c.i.embedder.EclipseLogger - skip non existing resourceDirectory C:\Users\ridhi\OneDrive\UCD\Trimester4\DistributedSystem\quoco-ws\task5\client\src\test\resources
2023-10-13 22:18:05,862 [Worker-18: Building] WARN  o.e.m.c.i.embedder.EclipseLogger - Using platform encoding (Cp1252 actually) to copy filtered resources, i.e. build is platform dependent!
2023-10-13 22:18:05,863 [Worker-18: Building] INFO  o.e.m.c.i.embedder.EclipseLogger - skip non existing resourceDirectory C:\Users\ridhi\OneDrive\UCD\Trimester4\DistributedSystem\quoco-ws\task5\dodgygeezers\src\main\resources
2023-10-13 22:18:05,866 [Worker-18: Building] WARN  o.e.m.c.i.embedder.EclipseLogger - Using platform encoding (Cp1252 actually) to copy filtered resources, i.e. build is platform dependent!
2023-10-13 22:18:05,867 [Worker-18: Building] INFO  o.e.m.c.i.embedder.EclipseLogger - skip non existing resourceDirectory C:\Users\ridhi\OneDrive\UCD\Trimester4\DistributedSystem\quoco-ws\task5\dodgygeezers\src\test\resources
2023-10-13 22:18:06,037 [Worker-18: Building] WARN  o.e.m.c.i.embedder.EclipseLogger - Using platform encoding (Cp1252 actually) to copy filtered resources, i.e. build is platform dependent!
2023-10-13 22:18:06,039 [Worker-18: Building] INFO  o.e.m.c.i.embedder.EclipseLogger - skip non existing resourceDirectory C:\Users\ridhi\OneDrive\UCD\Trimester4\DistributedSystem\quoco-ws\task5\girlsallowed\src\main\resources
2023-10-13 22:18:06,041 [Worker-18: Building] WARN  o.e.m.c.i.embedder.EclipseLogger - Using platform encoding (Cp1252 actually) to copy filtered resources, i.e. build is platform dependent!
2023-10-13 22:18:06,042 [Worker-18: Building] INFO  o.e.m.c.i.embedder.EclipseLogger - skip non existing resourceDirectory C:\Users\ridhi\OneDrive\UCD\Trimester4\DistributedSystem\quoco-ws\task5\girlsallowed\src\test\resources
2023-10-13 22:24:05,961 [Worker-24: Building] WARN  o.e.m.c.i.embedder.EclipseLogger - Using platform encoding (Cp1252 actually) to copy filtered resources, i.e. build is platform dependent!
2023-10-13 22:24:05,967 [Worker-24: Building] INFO  o.e.m.c.i.embedder.EclipseLogger - skip non existing resourceDirectory C:\Users\ridhi\OneDrive\UCD\Trimester4\DistributedSystem\quoco-ws\task5\core\src\main\resources
2023-10-13 22:24:05,969 [Worker-24: Building] WARN  o.e.m.c.i.embedder.EclipseLogger - Using platform encoding (Cp1252 actually) to copy filtered resources, i.e. build is platform dependent!
2023-10-13 22:24:05,972 [Worker-24: Building] INFO  o.e.m.c.i.embedder.EclipseLogger - skip non existing resourceDirectory C:\Users\ridhi\OneDrive\UCD\Trimester4\DistributedSystem\quoco-ws\task5\core\src\test\resources
2023-10-13 22:24:06,140 [Worker-24: Building] WARN  o.e.m.c.i.embedder.EclipseLogger - Using platform encoding (Cp1252 actually) to copy filtered resources, i.e. build is platform dependent!
2023-10-13 22:24:06,143 [Worker-24: Building] INFO  o.e.m.c.i.embedder.EclipseLogger - skip non existing resourceDirectory C:\Users\ridhi\OneDrive\UCD\Trimester4\DistributedSystem\quoco-ws\task5\auldfellas\src\main\resources
2023-10-13 22:24:06,149 [Worker-24: Building] WARN  o.e.m.c.i.embedder.EclipseLogger - Using platform encoding (Cp1252 actually) to copy filtered resources, i.e. build is platform dependent!
2023-10-13 22:24:06,151 [Worker-24: Building] INFO  o.e.m.c.i.embedder.EclipseLogger - skip non existing resourceDirectory C:\Users\ridhi\OneDrive\UCD\Trimester4\DistributedSystem\quoco-ws\task5\auldfellas\src\test\resources
2023-10-13 22:24:06,168 [Worker-24: Building] WARN  o.e.m.c.i.embedder.EclipseLogger - Using platform encoding (Cp1252 actually) to copy filtered resources, i.e. build is platform dependent!
2023-10-13 22:24:06,170 [Worker-24: Building] INFO  o.e.m.c.i.embedder.EclipseLogger - skip non existing resourceDirectory C:\Users\ridhi\OneDrive\UCD\Trimester4\DistributedSystem\quoco-ws\task5\broker\src\main\resources
2023-10-13 22:24:06,176 [Worker-24: Building] WARN  o.e.m.c.i.embedder.EclipseLogger - Using platform encoding (Cp1252 actually) to copy filtered resources, i.e. build is platform dependent!
2023-10-13 22:24:06,177 [Worker-24: Building] INFO  o.e.m.c.i.embedder.EclipseLogger - skip non existing resourceDirectory C:\Users\ridhi\OneDrive\UCD\Trimester4\DistributedSystem\quoco-ws\task5\broker\src\test\resources
2023-10-13 22:24:06,195 [Worker-24: Building] WARN  o.e.m.c.i.embedder.EclipseLogger - Using platform encoding (Cp1252 actually) to copy filtered resources, i.e. build is platform dependent!
2023-10-13 22:24:06,197 [Worker-24: Building] INFO  o.e.m.c.i.embedder.EclipseLogger - skip non existing resourceDirectory C:\Users\ridhi\OneDrive\UCD\Trimester4\DistributedSystem\quoco-ws\task5\client\src\main\resources
2023-10-13 22:24:06,201 [Worker-24: Building] WARN  o.e.m.c.i.embedder.EclipseLogger - Using platform encoding (Cp1252 actually) to copy filtered resources, i.e. build is platform dependent!
2023-10-13 22:24:06,204 [Worker-24: Building] INFO  o.e.m.c.i.embedder.EclipseLogger - skip non existing resourceDirectory C:\Users\ridhi\OneDrive\UCD\Trimester4\DistributedSystem\quoco-ws\task5\client\src\test\resources
2023-10-13 22:24:06,222 [Worker-24: Building] WARN  o.e.m.c.i.embedder.EclipseLogger - Using platform encoding (Cp1252 actually) to copy filtered resources, i.e. build is platform dependent!
2023-10-13 22:24:06,225 [Worker-24: Building] INFO  o.e.m.c.i.embedder.EclipseLogger - skip non existing resourceDirectory C:\Users\ridhi\OneDrive\UCD\Trimester4\DistributedSystem\quoco-ws\task5\dodgygeezers\src\main\resources
2023-10-13 22:24:06,229 [Worker-24: Building] WARN  o.e.m.c.i.embedder.EclipseLogger - Using platform encoding (Cp1252 actually) to copy filtered resources, i.e. build is platform dependent!
2023-10-13 22:24:06,231 [Worker-24: Building] INFO  o.e.m.c.i.embedder.EclipseLogger - skip non existing resourceDirectory C:\Users\ridhi\OneDrive\UCD\Trimester4\DistributedSystem\quoco-ws\task5\dodgygeezers\src\test\resources
2023-10-13 22:24:06,263 [Worker-24: Building] WARN  o.e.m.c.i.embedder.EclipseLogger - Using platform encoding (Cp1252 actually) to copy filtered resources, i.e. build is platform dependent!
2023-10-13 22:24:06,265 [Worker-24: Building] INFO  o.e.m.c.i.embedder.EclipseLogger - skip non existing resourceDirectory C:\Users\ridhi\OneDrive\UCD\Trimester4\DistributedSystem\quoco-ws\task5\girlsallowed\src\main\resources
2023-10-13 22:24:06,268 [Worker-24: Building] WARN  o.e.m.c.i.embedder.EclipseLogger - Using platform encoding (Cp1252 actually) to copy filtered resources, i.e. build is platform dependent!
2023-10-13 22:24:06,271 [Worker-24: Building] INFO  o.e.m.c.i.embedder.EclipseLogger - skip non existing resourceDirectory C:\Users\ridhi\OneDrive\UCD\Trimester4\DistributedSystem\quoco-ws\task5\girlsallowed\src\test\resources
2023-10-13 22:25:00,262 [Worker-23: Building] WARN  o.e.m.c.i.embedder.EclipseLogger - Using platform encoding (Cp1252 actually) to copy filtered resources, i.e. build is platform dependent!
2023-10-13 22:25:00,267 [Worker-23: Building] INFO  o.e.m.c.i.embedder.EclipseLogger - skip non existing resourceDirectory C:\Users\ridhi\OneDrive\UCD\Trimester4\DistributedSystem\quoco-ws\task5\broker\src\main\resources
2023-10-13 22:25:00,271 [Worker-23: Building] WARN  o.e.m.c.i.embedder.EclipseLogger - Using platform encoding (Cp1252 actually) to copy filtered resources, i.e. build is platform dependent!
2023-10-13 22:25:00,272 [Worker-23: Building] INFO  o.e.m.c.i.embedder.EclipseLogger - skip non existing resourceDirectory C:\Users\ridhi\OneDrive\UCD\Trimester4\DistributedSystem\quoco-ws\task5\broker\src\test\resources
2023-10-13 22:25:01,292 [Worker-10: Building] WARN  o.e.m.c.i.embedder.EclipseLogger - Using platform encoding (Cp1252 actually) to copy filtered resources, i.e. build is platform dependent!
2023-10-13 22:25:01,293 [Worker-10: Building] INFO  o.e.m.c.i.embedder.EclipseLogger - skip non existing resourceDirectory C:\Users\ridhi\OneDrive\UCD\Trimester4\DistributedSystem\quoco-ws\task5\core\src\main\resources
2023-10-13 22:25:01,296 [Worker-10: Building] WARN  o.e.m.c.i.embedder.EclipseLogger - Using platform encoding (Cp1252 actually) to copy filtered resources, i.e. build is platform dependent!
2023-10-13 22:25:01,297 [Worker-10: Building] INFO  o.e.m.c.i.embedder.EclipseLogger - skip non existing resourceDirectory C:\Users\ridhi\OneDrive\UCD\Trimester4\DistributedSystem\quoco-ws\task5\core\src\test\resources
2023-10-13 22:25:01,310 [Worker-10: Building] WARN  o.e.m.c.i.embedder.EclipseLogger - Using platform encoding (Cp1252 actually) to copy filtered resources, i.e. build is platform dependent!
2023-10-13 22:25:01,311 [Worker-10: Building] INFO  o.e.m.c.i.embedder.EclipseLogger - skip non existing resourceDirectory C:\Users\ridhi\OneDrive\UCD\Trimester4\DistributedSystem\quoco-ws\task5\broker\src\main\resources
2023-10-13 22:25:01,313 [Worker-10: Building] WARN  o.e.m.c.i.embedder.EclipseLogger - Using platform encoding (Cp1252 actually) to copy filtered resources, i.e. build is platform dependent!
2023-10-13 22:25:01,314 [Worker-10: Building] INFO  o.e.m.c.i.embedder.EclipseLogger - skip non existing resourceDirectory C:\Users\ridhi\OneDrive\UCD\Trimester4\DistributedSystem\quoco-ws\task5\broker\src\test\resources
2023-10-13 22:25:03,967 [Worker-2: Building] WARN  o.e.m.c.i.embedder.EclipseLogger - Using platform encoding (Cp1252 actually) to copy filtered resources, i.e. build is platform dependent!
2023-10-13 22:25:03,968 [Worker-2: Building] INFO  o.e.m.c.i.embedder.EclipseLogger - skip non existing resourceDirectory C:\Users\ridhi\OneDrive\UCD\Trimester4\DistributedSystem\quoco-ws\task5\broker\src\main\resources
2023-10-13 22:25:03,972 [Worker-2: Building] WARN  o.e.m.c.i.embedder.EclipseLogger - Using platform encoding (Cp1252 actually) to copy filtered resources, i.e. build is platform dependent!
2023-10-13 22:25:03,973 [Worker-2: Building] INFO  o.e.m.c.i.embedder.EclipseLogger - skip non existing resourceDirectory C:\Users\ridhi\OneDrive\UCD\Trimester4\DistributedSystem\quoco-ws\task5\broker\src\test\resources
2023-10-13 22:25:25,902 [Worker-24: Building] WARN  o.e.m.c.i.embedder.EclipseLogger - Using platform encoding (Cp1252 actually) to copy filtered resources, i.e. build is platform dependent!
2023-10-13 22:25:25,904 [Worker-24: Building] INFO  o.e.m.c.i.embedder.EclipseLogger - skip non existing resourceDirectory C:\Users\ridhi\OneDrive\UCD\Trimester4\DistributedSystem\quoco-ws\task5\client\src\main\resources
2023-10-13 22:25:25,907 [Worker-24: Building] WARN  o.e.m.c.i.embedder.EclipseLogger - Using platform encoding (Cp1252 actually) to copy filtered resources, i.e. build is platform dependent!
2023-10-13 22:25:25,909 [Worker-24: Building] INFO  o.e.m.c.i.embedder.EclipseLogger - skip non existing resourceDirectory C:\Users\ridhi\OneDrive\UCD\Trimester4\DistributedSystem\quoco-ws\task5\client\src\test\resources
2023-10-13 22:26:07,511 [Worker-24: Building] WARN  o.e.m.c.i.embedder.EclipseLogger - Using platform encoding (Cp1252 actually) to copy filtered resources, i.e. build is platform dependent!
2023-10-13 22:26:07,513 [Worker-24: Building] INFO  o.e.m.c.i.embedder.EclipseLogger - skip non existing resourceDirectory C:\Users\ridhi\OneDrive\UCD\Trimester4\DistributedSystem\quoco-ws\task5\broker\src\main\resources
2023-10-13 22:26:07,515 [Worker-24: Building] WARN  o.e.m.c.i.embedder.EclipseLogger - Using platform encoding (Cp1252 actually) to copy filtered resources, i.e. build is platform dependent!
2023-10-13 22:26:07,516 [Worker-24: Building] INFO  o.e.m.c.i.embedder.EclipseLogger - skip non existing resourceDirectory C:\Users\ridhi\OneDrive\UCD\Trimester4\DistributedSystem\quoco-ws\task5\broker\src\test\resources
2023-10-13 22:26:26,512 [Worker-2: Building] WARN  o.e.m.c.i.embedder.EclipseLogger - Using platform encoding (Cp1252 actually) to copy filtered resources, i.e. build is platform dependent!
2023-10-13 22:26:26,513 [Worker-2: Building] INFO  o.e.m.c.i.embedder.EclipseLogger - skip non existing resourceDirectory C:\Users\ridhi\OneDrive\UCD\Trimester4\DistributedSystem\quoco-ws\task5\broker\src\main\resources
2023-10-13 22:26:26,515 [Worker-2: Building] WARN  o.e.m.c.i.embedder.EclipseLogger - Using platform encoding (Cp1252 actually) to copy filtered resources, i.e. build is platform dependent!
2023-10-13 22:26:26,517 [Worker-2: Building] INFO  o.e.m.c.i.embedder.EclipseLogger - skip non existing resourceDirectory C:\Users\ridhi\OneDrive\UCD\Trimester4\DistributedSystem\quoco-ws\task5\broker\src\test\resources
2023-10-13 22:26:32,026 [Worker-27: Building] WARN  o.e.m.c.i.embedder.EclipseLogger - Using platform encoding (Cp1252 actually) to copy filtered resources, i.e. build is platform dependent!
2023-10-13 22:26:32,028 [Worker-27: Building] INFO  o.e.m.c.i.embedder.EclipseLogger - skip non existing resourceDirectory C:\Users\ridhi\OneDrive\UCD\Trimester4\DistributedSystem\quoco-ws\task5\client\src\main\resources
2023-10-13 22:26:32,030 [Worker-27: Building] WARN  o.e.m.c.i.embedder.EclipseLogger - Using platform encoding (Cp1252 actually) to copy filtered resources, i.e. build is platform dependent!
2023-10-13 22:26:32,031 [Worker-27: Building] INFO  o.e.m.c.i.embedder.EclipseLogger - skip non existing resourceDirectory C:\Users\ridhi\OneDrive\UCD\Trimester4\DistributedSystem\quoco-ws\task5\client\src\test\resources
